<?xml version="1.0" encoding="UTF-8"?>
<!-- Generated by org.testng.reporters.JUnitReportReporter -->
<testsuite skipped="0" hostname="DESKTOP-2S24NLE" name="AdminModule.verifyLogin" tests="1" failures="0" timestamp="20 Oct 2021 06:02:20 GMT" time="46.038" errors="0">
  <testcase name="firstTest" time="46.038" classname="AdminModule.verifyLogin"/>
</testsuite> <!-- AdminModule.verifyLogin -->
