<?xml version="1.0" encoding="UTF-8"?>
<!-- Generated by org.testng.reporters.JUnitReportReporter -->
<testsuite skipped="0" hostname="DESKTOP-2S24NLE" name="Qualicoach.StudentModuleTest" tests="6" failures="0" timestamp="21 Oct 2021 11:17:37 GMT" time="267.400" errors="0">
  <testcase name="Downloadtest" time="43.994" classname="Qualicoach.StudentModuleTest"/>
  <testcase name="loginChecktest" time="32.914" classname="Qualicoach.StudentModuleTest"/>
  <testcase name="UpdateProfiletest" time="47.004" classname="Qualicoach.StudentModuleTest"/>
  <testcase name="EnrollChecktest" time="50.326" classname="Qualicoach.StudentModuleTest"/>
  <testcase name="quizattempttest" time="45.922" classname="Qualicoach.StudentModuleTest"/>
  <testcase name="feedbackformtest" time="47.240" classname="Qualicoach.StudentModuleTest"/>
</testsuite> <!-- Qualicoach.StudentModuleTest -->
