<?xml version="1.0" encoding="UTF-8"?>
<!-- Generated by org.testng.reporters.JUnitReportReporter -->
<testsuite skipped="0" hostname="DESKTOP-2S24NLE" name="AdminModule.verifycourse" tests="1" failures="0" timestamp="21 Oct 2021 11:23:35 GMT" time="66.013" errors="0">
  <testcase name="VerifycourseTest" time="66.013" classname="AdminModule.verifycourse"/>
</testsuite> <!-- AdminModule.verifycourse -->
