<?xml version="1.0" encoding="UTF-8"?>
<!-- Generated by org.testng.reporters.JUnitReportReporter -->
<testsuite skipped="0" hostname="DESKTOP-2S24NLE" name="AdminModule.verifyLogin" tests="1" failures="0" timestamp="21 Oct 2021 07:26:59 GMT" time="31.282" errors="0">
  <testcase name="firstTest" time="31.282" classname="AdminModule.verifyLogin"/>
</testsuite> <!-- AdminModule.verifyLogin -->
