<?xml version="1.0" encoding="UTF-8"?>
<!-- Generated by org.testng.reporters.JUnitReportReporter -->
<testsuite skipped="0" hostname="DESKTOP-2S24NLE" name="AdminModule.verifycourse" tests="1" failures="0" timestamp="21 Oct 2021 07:34:08 GMT" time="65.347" errors="0">
  <testcase name="VerifycourseTest" time="65.347" classname="AdminModule.verifycourse"/>
</testsuite> <!-- AdminModule.verifycourse -->
